g:\visual studio\linkedlist\linkedlist\debug\vc140.pdb
g:\visual studio\linkedlist\linkedlist\debug\vc140.idb
g:\visual studio\linkedlist\linkedlist\debug\source.obj
g:\visual studio\linkedlist\linkedlist\debug\double linklist.obj
g:\visual studio\linkedlist\linkedlist\debug\single linklist.obj
g:\visual studio\linkedlist\debug\linkedlist.ilk
g:\visual studio\linkedlist\debug\linkedlist.exe
g:\visual studio\linkedlist\debug\linkedlist.pdb
g:\visual studio\linkedlist\linkedlist\debug\source.obj.enc
g:\visual studio\linkedlist\linkedlist\debug\linkedlist.tlog\cl.command.1.tlog
g:\visual studio\linkedlist\linkedlist\debug\linkedlist.tlog\cl.read.1.tlog
g:\visual studio\linkedlist\linkedlist\debug\linkedlist.tlog\cl.write.1.tlog
g:\visual studio\linkedlist\linkedlist\debug\linkedlist.tlog\link-cvtres.read.1.tlog
g:\visual studio\linkedlist\linkedlist\debug\linkedlist.tlog\link-cvtres.write.1.tlog
g:\visual studio\linkedlist\linkedlist\debug\linkedlist.tlog\link-rc.read.1.tlog
g:\visual studio\linkedlist\linkedlist\debug\linkedlist.tlog\link-rc.write.1.tlog
g:\visual studio\linkedlist\linkedlist\debug\linkedlist.tlog\link.4608-cvtres.read.1.tlog
g:\visual studio\linkedlist\linkedlist\debug\linkedlist.tlog\link.4608-cvtres.write.1.tlog
g:\visual studio\linkedlist\linkedlist\debug\linkedlist.tlog\link.4608-rc.read.1.tlog
g:\visual studio\linkedlist\linkedlist\debug\linkedlist.tlog\link.4608-rc.write.1.tlog
g:\visual studio\linkedlist\linkedlist\debug\linkedlist.tlog\link.4608.read.1.tlog
g:\visual studio\linkedlist\linkedlist\debug\linkedlist.tlog\link.4608.write.1.tlog
g:\visual studio\linkedlist\linkedlist\debug\linkedlist.tlog\link.command.1.tlog
g:\visual studio\linkedlist\linkedlist\debug\linkedlist.tlog\link.read.1.tlog
g:\visual studio\linkedlist\linkedlist\debug\linkedlist.tlog\link.write.1.tlog
